exec4                                                                                                                   PAGE 1
                         1     ; ----------------------------------------------------------------------
                         2     ; @author: Felipe Andrade Garcia Tommaselli (11800910)
                         3
                         4     ; Lista 2
                         5     ; Exercicio 4
                         6
                         7     ; ----------------------------------------------------------------------
                         8             ORG             0
0000 020034              9             JMP             INICIA
                        10             ORG             0003H
0003 0200FF             11             JMP             EXT0
                        12             ORG             031H
0031 0200FC             13             JMP             EXT1
                        14
                        15
                        16     ; ----------------------------------------------------------------------
                        17
  0000                  18     INJETANDO       EQU             20H.0
  00B7                  19     MOTOR   EQU             P3.7
                        20
                        21     ; ----------------------------------------------------------------------
                        22
                        23     INICIA:
0034 D2A8               24             SETB            EX0
0036 D2AA               25             SETB            EX1
0038 D288               26             SETB            IT0
003A 758906             27             MOV             TMOD,#6h
003D D28C               28             SETB            TR0
003F D2AF               29             SETB            EA
                        30
                        31     ; ----------------------------------------------------------------------
                        32
                        33     LOOP:
0041 200002             34             JB              INJETANDO,INJETA
0044 80FB               35             SJMP            LOOP
                        36
                        37     ; ----------------------------------------------------------------------
                        38
                        39     INJETA:
0046 D2B7               40             SETB            MOTOR
                        41     LOOPINJETA:
0048 1153               42             ACALL           ESCREVE
004A 300002             43             JNB             INJETANDO,DESLIGA
004D 80F9               44             SJMP            LOOPINJETA
                        45
                        46     DESLIGA:
004F C2B7               47             CLR             MOTOR
0051 80EE               48             SJMP            LOOP
                        49
                        50     ; ----------------------------------------------------------------------
                        51
                        52     ESCREVE:
0053 75A000             53             MOV             P2,#0h
0056 7400               54             MOV             A,#0H
0058 1188               55             ACALL           DISPLAY
                        56
005A E58A               57             MOV             A,TL0
005C 117E               58             ACALL           CONVBCD
005E E9                 59             MOV             A,R1
005F D2A0               60             SETB            P2.0
0061 1188               61             ACALL           DISPLAY
0063 C2A0               62             CLR             P2.0
                        63
0065 EA                 64             MOV             A,R2
0066 D2A1               65             SETB            P2.1
0068 1188               66             ACALL           DISPLAY
006A C2A1               67             CLR             P2.1
                        68
006C E58A               69             MOV             A,TL0
006E 117E               70             ACALL           CONVBCD
0070 E9                 71             MOV             A,R1
0071 D2A4               72             SETB            P2.4
0073 1188               73             ACALL           DISPLAY
0075 C2A4               74             CLR             P2.4
                        75
0077 EA                 76             MOV             A,R2
0078 D2A5               77             SETB            P2.5
007A 1188               78             ACALL           DISPLAY
007C C2A5               79             CLR             P2.5
                        80
                        81     ; ----------------------------------------------------------------------
                        82
                        83     CONVBCD:
007E 75F00A             84             MOV             B,#0AH
0081 84                 85             DIV             AB
0082 FA                 86             MOV             R2,A
0083 A9F0               87             MOV             R1,B
0085 C4                 88             SWAP            A
0086 49                 89             ORL             A,R1
0087 22                 90             RET
                        91
                        92     DISPLAY:
0088 75A000             93             MOV             P2,#0H
008B B40004             94             CJNE            A,#0H,DIG1
008E 75A07E             95             MOV             P2,#7EH
0091 22                 96             RET
                        97     DIG1:
0092 B40104             98             CJNE            A,#1H,DIG2
0095 75A030             99             MOV             P2,#30H
0098 22                100             RET
                       101     DIG2:
0099 B40204            102             CJNE            A,#2H,DIG3
009C 75A06D            103             MOV             P2,#6DH
009F 22                104             RET
                       105     DIG3:
00A0 B40304            106             CJNE            A,#3H,DIG4
00A3 75A079            107             MOV             P2,#79H
00A6 22                108             RET
                       109     DIG4:
00A7 B40404            110             CJNE            A,#4H,DIG5
00AA 75A033            111             MOV             P2,#33H
00AD 22                112             RET
                       113     DIG5:
00AE B40504            114             CJNE            A,#5H,DIG6
00B1 75A05B            115             MOV             P2,#5BH
00B4 22                116             RET
                       117     DIG6:
00B5 B40604            118             CJNE            A,#6H,DIG7
00B8 75A05F            119             MOV             P2,#5FH
00BB 22                120             RET
                       121     DIG7:
00BC B40704            122             CJNE            A,#7H,DIG8
00BF 75A070            123             MOV             P2,#70H
00C2 22                124             RET
                       125     DIG8:
00C3 B40804            126             CJNE            A,#8H,DIG9
00C6 75A07F            127             MOV             P2,#7FH
00C9 22                128             RET
                       129     DIG9:
00CA B40904            130             CJNE            A,#9H,DIG10
00CD 75A07B            131             MOV             P2,#7BH
00D0 22                132             RET
                       133     DIG10:
00D1 B40A04            134             CJNE            A,#0AH,DIG11
00D4 75A077            135             MOV             P2,#77H
00D7 22                136             RET
                       137     DIG11:
00D8 B40B04            138             CJNE            A,#0BH,DIG12
00DB 75A01F            139             MOV             P2,#1FH
00DE 22                140             RET
                       141     DIG12:
00DF B40C04            142             CJNE            A,#0CH,DIG13
00E2 75A04E            143             MOV             P2,#4EH
00E5 22                144             RET
                       145     DIG13:
00E6 B40D04            146             CJNE            A,#0DH,DIG14
00E9 75A03D            147             MOV             P2,#3DH
00EC 22                148             RET
                       149     DIG14:
00ED B40E04            150             CJNE            A,#0EH,DIG15
00F0 75A04F            151             MOV             P2,#4FH
00F3 22                152             RET
                       153     DIG15:
00F4 B40404            154             CJNE            A,#4H,DIGFIM
00F7 75A047            155             MOV             P2,#47H
00FA 22                156             RET
                       157     DIGFIM:
00FB 22                158             RET
                       159
                       160     ; ----------------------------------------------------------------------
                       161
                       162     EXT1:
00FC D200              163             SETB            INJETANDO
00FE 32                164             RETI
                       165
                       166     EXT0:
00FF C200              167             CLR             INJETANDO
0101 32                168             RETI
                       169
                       170             END
ASSEMBLY COMPLETE, NO ERRORS FOUND, NO WARNINGS


SYMBOL TABLE:
??MCU_8051_IDE . . . . . . . . . . .  N  NUMB  8051H  NOT USED
??VERSION. . . . . . . . . . . . . .  N  NUMB  0149H  NOT USED
AC . . . . . . . . . . . . . . . . .  B  ADDR  00D6H  NOT USED
ACC. . . . . . . . . . . . . . . . .  D  ADDR  00E0H  NOT USED
ACSR . . . . . . . . . . . . . . . .  D  ADDR  0097H  NOT USED
ADCF . . . . . . . . . . . . . . . .  D  ADDR  00F6H  NOT USED
ADCLK. . . . . . . . . . . . . . . .  D  ADDR  00F2H  NOT USED
ADCON. . . . . . . . . . . . . . . .  D  ADDR  00F3H  NOT USED
ADDH . . . . . . . . . . . . . . . .  D  ADDR  00F5H  NOT USED
ADDL . . . . . . . . . . . . . . . .  D  ADDR  00F4H  NOT USED
AUXR . . . . . . . . . . . . . . . .  D  ADDR  008EH  NOT USED
AUXR1. . . . . . . . . . . . . . . .  D  ADDR  00A2H  NOT USED
B. . . . . . . . . . . . . . . . . .  D  ADDR  00F0H
BDRCON . . . . . . . . . . . . . . .  D  ADDR  009BH  NOT USED
BDRCON_1 . . . . . . . . . . . . . .  D  ADDR  009CH  NOT USED
BRL. . . . . . . . . . . . . . . . .  D  ADDR  009AH  NOT USED
CCAP0H . . . . . . . . . . . . . . .  D  ADDR  00FAH  NOT USED
CCAP0L . . . . . . . . . . . . . . .  D  ADDR  00EAH  NOT USED
CCAP1H . . . . . . . . . . . . . . .  D  ADDR  00FBH  NOT USED
CCAP1L . . . . . . . . . . . . . . .  D  ADDR  00EBH  NOT USED
CCAP2H . . . . . . . . . . . . . . .  D  ADDR  00FCH  NOT USED
CCAP3H . . . . . . . . . . . . . . .  D  ADDR  00FDH  NOT USED
CCAP4H . . . . . . . . . . . . . . .  D  ADDR  00FEH  NOT USED
CCAPL2H. . . . . . . . . . . . . . .  D  ADDR  00FCH  NOT USED
CCAPL2L. . . . . . . . . . . . . . .  D  ADDR  00ECH  NOT USED
CCAPL3H. . . . . . . . . . . . . . .  D  ADDR  00FDH  NOT USED
CCAPL3L. . . . . . . . . . . . . . .  D  ADDR  00EDH  NOT USED
CCAPL4H. . . . . . . . . . . . . . .  D  ADDR  00FEH  NOT USED
CCAPL4L. . . . . . . . . . . . . . .  D  ADDR  00EEH  NOT USED
CCAPM0 . . . . . . . . . . . . . . .  D  ADDR  00DAH  NOT USED
CCAPM1 . . . . . . . . . . . . . . .  D  ADDR  00DBH  NOT USED
CCAPM2 . . . . . . . . . . . . . . .  D  ADDR  00DCH  NOT USED
CCAPM3 . . . . . . . . . . . . . . .  D  ADDR  00DDH  NOT USED
CCAPM4 . . . . . . . . . . . . . . .  D  ADDR  00DEH  NOT USED
CCF0 . . . . . . . . . . . . . . . .  B  ADDR  00D8H  NOT USED
CCF1 . . . . . . . . . . . . . . . .  B  ADDR  00D9H  NOT USED
CCF2 . . . . . . . . . . . . . . . .  B  ADDR  00DAH  NOT USED
CCF3 . . . . . . . . . . . . . . . .  B  ADDR  00DBH  NOT USED
CCF4 . . . . . . . . . . . . . . . .  B  ADDR  00DCH  NOT USED
CCON . . . . . . . . . . . . . . . .  D  ADDR  00D8H  NOT USED
CFINT. . . . . . . . . . . . . . . .  C  ADDR  0033H  NOT USED
CH . . . . . . . . . . . . . . . . .  D  ADDR  00F9H  NOT USED
CKCON. . . . . . . . . . . . . . . .  D  ADDR  008FH  NOT USED
CKCON0 . . . . . . . . . . . . . . .  D  ADDR  008FH  NOT USED
CKRL . . . . . . . . . . . . . . . .  D  ADDR  0097H  NOT USED
CKSEL. . . . . . . . . . . . . . . .  D  ADDR  0085H  NOT USED
CL . . . . . . . . . . . . . . . . .  D  ADDR  00E9H  NOT USED
CLKREG . . . . . . . . . . . . . . .  D  ADDR  008FH  NOT USED
CMOD . . . . . . . . . . . . . . . .  D  ADDR  00D9H  NOT USED
CONVBCD. . . . . . . . . . . . . . .  C  ADDR  007EH
CPRL2. . . . . . . . . . . . . . . .  B  ADDR  00C8H  NOT USED
CR . . . . . . . . . . . . . . . . .  B  ADDR  00DEH  NOT USED
CT2. . . . . . . . . . . . . . . . .  B  ADDR  00C9H  NOT USED
CY . . . . . . . . . . . . . . . . .  B  ADDR  00D7H  NOT USED
DESLIGA. . . . . . . . . . . . . . .  C  ADDR  004FH
DIG1 . . . . . . . . . . . . . . . .  C  ADDR  0092H
DIG10. . . . . . . . . . . . . . . .  C  ADDR  00D1H
DIG11. . . . . . . . . . . . . . . .  C  ADDR  00D8H
DIG12. . . . . . . . . . . . . . . .  C  ADDR  00DFH
DIG13. . . . . . . . . . . . . . . .  C  ADDR  00E6H
DIG14. . . . . . . . . . . . . . . .  C  ADDR  00EDH
DIG15. . . . . . . . . . . . . . . .  C  ADDR  00F4H
DIG2 . . . . . . . . . . . . . . . .  C  ADDR  0099H
DIG3 . . . . . . . . . . . . . . . .  C  ADDR  00A0H
DIG4 . . . . . . . . . . . . . . . .  C  ADDR  00A7H
DIG5 . . . . . . . . . . . . . . . .  C  ADDR  00AEH
DIG6 . . . . . . . . . . . . . . . .  C  ADDR  00B5H
DIG7 . . . . . . . . . . . . . . . .  C  ADDR  00BCH
DIG8 . . . . . . . . . . . . . . . .  C  ADDR  00C3H
DIG9 . . . . . . . . . . . . . . . .  C  ADDR  00CAH
DIGFIM . . . . . . . . . . . . . . .  C  ADDR  00FBH
DISPLAY. . . . . . . . . . . . . . .  C  ADDR  0088H
DP0H . . . . . . . . . . . . . . . .  D  ADDR  0083H  NOT USED
DP0L . . . . . . . . . . . . . . . .  D  ADDR  0082H  NOT USED
DP1H . . . . . . . . . . . . . . . .  D  ADDR  0085H  NOT USED
DP1L . . . . . . . . . . . . . . . .  D  ADDR  0084H  NOT USED
DPH. . . . . . . . . . . . . . . . .  D  ADDR  0083H  NOT USED
DPL. . . . . . . . . . . . . . . . .  D  ADDR  0082H  NOT USED
EA . . . . . . . . . . . . . . . . .  B  ADDR  00AFH
EC . . . . . . . . . . . . . . . . .  B  ADDR  00AEH  NOT USED
EECON. . . . . . . . . . . . . . . .  D  ADDR  0096H  NOT USED
ES . . . . . . . . . . . . . . . . .  B  ADDR  00ACH  NOT USED
ESCREVE. . . . . . . . . . . . . . .  C  ADDR  0053H
ET0. . . . . . . . . . . . . . . . .  B  ADDR  00A9H  NOT USED
ET1. . . . . . . . . . . . . . . . .  B  ADDR  00ABH  NOT USED
ET2. . . . . . . . . . . . . . . . .  B  ADDR  00ADH  NOT USED
EX0. . . . . . . . . . . . . . . . .  B  ADDR  00A8H
EX1. . . . . . . . . . . . . . . . .  B  ADDR  00AAH
EXEN2. . . . . . . . . . . . . . . .  B  ADDR  00CBH  NOT USED
EXF2 . . . . . . . . . . . . . . . .  B  ADDR  00CEH  NOT USED
EXT0 . . . . . . . . . . . . . . . .  C  ADDR  00FFH
EXT1 . . . . . . . . . . . . . . . .  C  ADDR  00FCH
EXTI0. . . . . . . . . . . . . . . .  C  ADDR  0003H  NOT USED
EXTI1. . . . . . . . . . . . . . . .  C  ADDR  0013H  NOT USED
F0 . . . . . . . . . . . . . . . . .  B  ADDR  00D5H  NOT USED
FE . . . . . . . . . . . . . . . . .  B  ADDR  009FH  NOT USED
IE . . . . . . . . . . . . . . . . .  D  ADDR  00A8H  NOT USED
IE0. . . . . . . . . . . . . . . . .  B  ADDR  0089H  NOT USED
IE1. . . . . . . . . . . . . . . . .  B  ADDR  008BH  NOT USED
INICIA . . . . . . . . . . . . . . .  C  ADDR  0034H
INJETA . . . . . . . . . . . . . . .  C  ADDR  0046H
INJETANDO. . . . . . . . . . . . . .  N  NUMB  0000H
INT0 . . . . . . . . . . . . . . . .  B  ADDR  00B2H  NOT USED
INT1 . . . . . . . . . . . . . . . .  B  ADDR  00B3H  NOT USED
IP . . . . . . . . . . . . . . . . .  D  ADDR  00B8H  NOT USED
IPH. . . . . . . . . . . . . . . . .  D  ADDR  00B7H  NOT USED
IPH0 . . . . . . . . . . . . . . . .  D  ADDR  00B7H  NOT USED
IPH1 . . . . . . . . . . . . . . . .  D  ADDR  00B3H  NOT USED
IPL0 . . . . . . . . . . . . . . . .  D  ADDR  00B8H  NOT USED
IPL1 . . . . . . . . . . . . . . . .  D  ADDR  00B2H  NOT USED
IT0. . . . . . . . . . . . . . . . .  B  ADDR  0088H
IT1. . . . . . . . . . . . . . . . .  B  ADDR  008AH  NOT USED
KBE. . . . . . . . . . . . . . . . .  D  ADDR  009DH  NOT USED
KBF. . . . . . . . . . . . . . . . .  D  ADDR  009EH  NOT USED
KBLS . . . . . . . . . . . . . . . .  D  ADDR  009CH  NOT USED
LOOP . . . . . . . . . . . . . . . .  C  ADDR  0041H
LOOPINJETA . . . . . . . . . . . . .  C  ADDR  0048H
MOTOR. . . . . . . . . . . . . . . .  N  NUMB  00B7H
OSCCON . . . . . . . . . . . . . . .  D  ADDR  0086H  NOT USED
OV . . . . . . . . . . . . . . . . .  B  ADDR  00D2H  NOT USED
P. . . . . . . . . . . . . . . . . .  B  ADDR  00D0H  NOT USED
P0 . . . . . . . . . . . . . . . . .  D  ADDR  0080H  NOT USED
P1 . . . . . . . . . . . . . . . . .  D  ADDR  0090H  NOT USED
P1M1 . . . . . . . . . . . . . . . .  D  ADDR  00D4H  NOT USED
P1M2 . . . . . . . . . . . . . . . .  D  ADDR  00E2H  NOT USED
P2 . . . . . . . . . . . . . . . . .  D  ADDR  00A0H
P3 . . . . . . . . . . . . . . . . .  D  ADDR  00B0H  NOT USED
P3M1 . . . . . . . . . . . . . . . .  D  ADDR  00D5H  NOT USED
P3M2 . . . . . . . . . . . . . . . .  D  ADDR  00E3H  NOT USED
P4 . . . . . . . . . . . . . . . . .  D  ADDR  00C0H  NOT USED
P4M1 . . . . . . . . . . . . . . . .  D  ADDR  00D6H  NOT USED
P4M2 . . . . . . . . . . . . . . . .  D  ADDR  00E4H  NOT USED
P5 . . . . . . . . . . . . . . . . .  D  ADDR  00E8H  NOT USED
PC . . . . . . . . . . . . . . . . .  B  ADDR  00BEH  NOT USED
PCON . . . . . . . . . . . . . . . .  D  ADDR  0087H  NOT USED
PPCL . . . . . . . . . . . . . . . .  B  ADDR  00BEH  NOT USED
PS . . . . . . . . . . . . . . . . .  B  ADDR  00BCH  NOT USED
PSL. . . . . . . . . . . . . . . . .  B  ADDR  00BCH  NOT USED
PSW. . . . . . . . . . . . . . . . .  D  ADDR  00D0H  NOT USED
PT0. . . . . . . . . . . . . . . . .  B  ADDR  00B9H  NOT USED
PT0L . . . . . . . . . . . . . . . .  B  ADDR  00B9H  NOT USED
PT1. . . . . . . . . . . . . . . . .  B  ADDR  00BBH  NOT USED
PT1L . . . . . . . . . . . . . . . .  B  ADDR  00BBH  NOT USED
PT2. . . . . . . . . . . . . . . . .  B  ADDR  00BDH  NOT USED
PT2L . . . . . . . . . . . . . . . .  B  ADDR  00BDH  NOT USED
PX0. . . . . . . . . . . . . . . . .  B  ADDR  00B8H  NOT USED
PX0L . . . . . . . . . . . . . . . .  B  ADDR  00B8H  NOT USED
PX1. . . . . . . . . . . . . . . . .  B  ADDR  00BAH  NOT USED
PX1L . . . . . . . . . . . . . . . .  B  ADDR  00BAH  NOT USED
RB8. . . . . . . . . . . . . . . . .  B  ADDR  009AH  NOT USED
RCAP2H . . . . . . . . . . . . . . .  D  ADDR  00CBH  NOT USED
RCAP2L . . . . . . . . . . . . . . .  D  ADDR  00CAH  NOT USED
RCLK . . . . . . . . . . . . . . . .  B  ADDR  00CDH  NOT USED
RD . . . . . . . . . . . . . . . . .  B  ADDR  00B7H  NOT USED
REN. . . . . . . . . . . . . . . . .  B  ADDR  009CH  NOT USED
RESET. . . . . . . . . . . . . . . .  C  ADDR  0000H  NOT USED
RI . . . . . . . . . . . . . . . . .  B  ADDR  0098H  NOT USED
RS0. . . . . . . . . . . . . . . . .  B  ADDR  00D3H  NOT USED
RS1. . . . . . . . . . . . . . . . .  B  ADDR  00D4H  NOT USED
RXD. . . . . . . . . . . . . . . . .  B  ADDR  00B0H  NOT USED
SADDR. . . . . . . . . . . . . . . .  D  ADDR  00A9H  NOT USED
SADDR_0. . . . . . . . . . . . . . .  D  ADDR  00A9H  NOT USED
SADDR_1. . . . . . . . . . . . . . .  D  ADDR  00AAH  NOT USED
SADEN. . . . . . . . . . . . . . . .  D  ADDR  00B9H  NOT USED
SADEN_0. . . . . . . . . . . . . . .  D  ADDR  00B9H  NOT USED
SADEN_1. . . . . . . . . . . . . . .  D  ADDR  00BAH  NOT USED
SBUF . . . . . . . . . . . . . . . .  D  ADDR  0099H  NOT USED
SCON . . . . . . . . . . . . . . . .  D  ADDR  0098H  NOT USED
SINT . . . . . . . . . . . . . . . .  C  ADDR  0023H  NOT USED
SM0. . . . . . . . . . . . . . . . .  B  ADDR  009FH  NOT USED
SM1. . . . . . . . . . . . . . . . .  B  ADDR  009EH  NOT USED
SM2. . . . . . . . . . . . . . . . .  B  ADDR  009DH  NOT USED
SP . . . . . . . . . . . . . . . . .  D  ADDR  0081H  NOT USED
SPCON. . . . . . . . . . . . . . . .  D  ADDR  00C3H  NOT USED
SPCR . . . . . . . . . . . . . . . .  D  ADDR  00D5H  NOT USED
SPDAT. . . . . . . . . . . . . . . .  D  ADDR  00C5H  NOT USED
SPDR . . . . . . . . . . . . . . . .  D  ADDR  0086H  NOT USED
SPSR . . . . . . . . . . . . . . . .  D  ADDR  00AAH  NOT USED
SPSTA. . . . . . . . . . . . . . . .  D  ADDR  00C4H  NOT USED
T0 . . . . . . . . . . . . . . . . .  B  ADDR  00B4H  NOT USED
T1 . . . . . . . . . . . . . . . . .  B  ADDR  00B5H  NOT USED
T2CON. . . . . . . . . . . . . . . .  D  ADDR  00C8H  NOT USED
T2MOD. . . . . . . . . . . . . . . .  D  ADDR  00C9H  NOT USED
TB8. . . . . . . . . . . . . . . . .  B  ADDR  009BH  NOT USED
TCLK . . . . . . . . . . . . . . . .  B  ADDR  00CCH  NOT USED
TCON . . . . . . . . . . . . . . . .  D  ADDR  0088H  NOT USED
TF0. . . . . . . . . . . . . . . . .  B  ADDR  008DH  NOT USED
TF1. . . . . . . . . . . . . . . . .  B  ADDR  008FH  NOT USED
TF2. . . . . . . . . . . . . . . . .  B  ADDR  00CFH  NOT USED
TH0. . . . . . . . . . . . . . . . .  D  ADDR  008CH  NOT USED
TH1. . . . . . . . . . . . . . . . .  D  ADDR  008DH  NOT USED
TH2. . . . . . . . . . . . . . . . .  D  ADDR  00CDH  NOT USED
TI . . . . . . . . . . . . . . . . .  B  ADDR  0099H  NOT USED
TIMER0 . . . . . . . . . . . . . . .  C  ADDR  000BH  NOT USED
TIMER1 . . . . . . . . . . . . . . .  C  ADDR  001BH  NOT USED
TIMER2 . . . . . . . . . . . . . . .  C  ADDR  002BH  NOT USED
TL0. . . . . . . . . . . . . . . . .  D  ADDR  008AH
TL1. . . . . . . . . . . . . . . . .  D  ADDR  008BH  NOT USED
TL2. . . . . . . . . . . . . . . . .  D  ADDR  00CCH  NOT USED
TMOD . . . . . . . . . . . . . . . .  D  ADDR  0089H
TR0. . . . . . . . . . . . . . . . .  B  ADDR  008CH
TR1. . . . . . . . . . . . . . . . .  B  ADDR  008EH  NOT USED
TR2. . . . . . . . . . . . . . . . .  B  ADDR  00CAH  NOT USED
TXD. . . . . . . . . . . . . . . . .  B  ADDR  00B1H  NOT USED
WDTCON . . . . . . . . . . . . . . .  D  ADDR  00A7H  NOT USED
WDTPRG . . . . . . . . . . . . . . .  D  ADDR  00A7H  NOT USED
WDTRST . . . . . . . . . . . . . . .  D  ADDR  00A6H  NOT USED
WR . . . . . . . . . . . . . . . . .  B  ADDR  00B6H  NOT USED